\BOOKMARK [0][-]{section*.1}{\376\377\000T\000u\000t\000o\000r\000i\000a\000l\000\040\000o\000n\000\040\000t\000h\000e\000\040\000Q\000u\000a\000n\000t\000i\000k\000z\000\040\000P\000a\000c\000k\000a\000g\000e}{}% 1
\BOOKMARK [1][-]{section*.2}{\376\377\000C\000o\000n\000t\000e\000n\000t\000s}{section*.1}% 2
\BOOKMARK [1][-]{section*.3}{\376\377\000U\000s\000a\000g\000e}{section*.1}% 3
\BOOKMARK [1][-]{section*.4}{\376\377\000B\000a\000s\000i\000c\000\040\000U\000s\000a\000g\000e}{section*.1}% 4
\BOOKMARK [2][-]{section*.5}{\376\377\000G\000a\000t\000e\000s\000\040\000\046\000\040\000M\000e\000a\000s\000u\000r\000e\000m\000e\000n\000t}{section*.4}% 5
\BOOKMARK [2][-]{section*.6}{\376\377\000C\000o\000n\000t\000r\000o\000l\000l\000e\000d\000\040\000G\000a\000t\000e\000s}{section*.4}% 6
\BOOKMARK [2][-]{section*.7}{\376\377\000L\000a\000b\000e\000l\000l\000i\000n\000g\000\040\000C\000i\000r\000c\000u\000i\000t\000s}{section*.4}% 7
\BOOKMARK [2][-]{section*.8}{\376\377\000B\000o\000x\000i\000n\000g\000/\000H\000i\000g\000h\000l\000i\000g\000h\000t\000i\000n\000g\000\040\000P\000a\000r\000t\000s\000\040\000o\000f\000\040\000a\000\040\000C\000i\000r\000c\000u\000i\000t}{section*.4}% 8
\BOOKMARK [2][-]{section*.9}{\376\377\000S\000l\000i\000c\000i\000n\000g}{section*.4}% 9
\BOOKMARK [1][-]{section*.10}{\376\377\000C\000o\000m\000m\000a\000n\000d\000s\000\040\000\046\000\040\000O\000p\000t\000i\000o\000n\000s}{section*.1}% 10
\BOOKMARK [1][-]{section*.11}{\376\377\000S\000p\000a\000c\000i\000n\000g}{section*.1}% 11
\BOOKMARK [2][-]{section*.12}{\376\377\000L\000o\000c\000a\000l\000\040\000A\000d\000j\000u\000s\000t\000m\000e\000n\000t}{section*.11}% 12
\BOOKMARK [2][-]{section*.13}{\376\377\000G\000l\000o\000b\000a\000l\000\040\000A\000d\000j\000u\000s\000t\000m\000e\000n\000t}{section*.11}% 13
\BOOKMARK [2][-]{section*.14}{\376\377\000A\000l\000i\000g\000n\000m\000e\000n\000t}{section*.11}% 14
\BOOKMARK [3][-]{section*.15}{\376\377\000P\000e\000r\000f\000e\000c\000t\000i\000n\000g\000\040\000V\000e\000r\000t\000i\000c\000a\000l\000\040\000A\000l\000i\000g\000n\000m\000e\000n\000t}{section*.14}% 15
\BOOKMARK [1][-]{section*.16}{\376\377\000S\000t\000y\000l\000i\000n\000g\000\040\000\046\000\040\000C\000u\000s\000t\000o\000m\000i\000s\000i\000n\000g}{section*.1}% 16
\BOOKMARK [2][-]{section*.17}{\376\377\000G\000l\000o\000b\000a\000l\000\040\000S\000t\000y\000l\000i\000n\000g}{section*.16}% 17
\BOOKMARK [2][-]{section*.18}{\376\377\000P\000e\000r\000-\000G\000a\000t\000e\000\040\000S\000t\000y\000l\000i\000n\000g}{section*.16}% 18
\BOOKMARK [2][-]{section*.19}{\376\377\000S\000c\000a\000l\000i\000n\000g}{section*.16}% 19
\BOOKMARK [1][-]{section*.20}{\376\377\000B\000e\000l\000l\000s\000\040\000a\000n\000d\000\040\000W\000h\000i\000s\000t\000l\000e\000s}{section*.1}% 20
\BOOKMARK [2][-]{section*.21}{\376\377\000E\000x\000t\000e\000r\000n\000a\000l\000i\000z\000a\000t\000i\000o\000n}{section*.20}% 21
\BOOKMARK [2][-]{section*.22}{\376\377\000N\000e\000w\000\040\000G\000a\000t\000e\000\040\000T\000y\000p\000e\000s}{section*.20}% 22
\BOOKMARK [1][-]{section*.23}{\376\377\000C\000o\000n\000v\000e\000r\000t\000i\000n\000g\000\040\000f\000r\000o\000m\000\040\000Q\000C\000i\000r\000c\000u\000i\000t}{section*.1}% 23
\BOOKMARK [2][-]{section*.24}{\376\377\000C\000o\000n\000v\000e\000r\000t\000i\000n\000g\000\040\000f\000r\000o\000m\000\040\000Q\000u\000a\000n\000t\000i\000k\000z\000\040\000t\000o\000\040\000Q\000u\000a\000n\000t\000i\000k\000z\0002}{section*.23}% 24
\BOOKMARK [1][-]{section*.25}{\376\377\000T\000r\000o\000u\000b\000l\000e\000s\000h\000o\000o\000t\000i\000n\000g}{section*.1}% 25
\BOOKMARK [1][-]{section*.26}{\376\377\000C\000i\000t\000a\000t\000i\000o\000n}{section*.1}% 26
