INFO:  ANSI Code Page: 936
INFO:  latexindent.exe version 3.24.3, 2024-07-14, a script to indent .tex files
       latexindent.exe lives here: C:/Program Files/texlive/2024/bin/windows/
       Thu Aug 29 17:36:07 2024
       Filename: d:/QuantumSearchAlgorithm/BooksForNotes/Long_2001/__latexindent_temp_exact.tex
INFO:  Processing switches:
       -y|--yaml: YAML settings specified via command line
       -c|--cruft: cruft directory
INFO:  Directory for backup files and log file d:\QuantumSearchAlgorithm\BooksForNotes\Depth optimization of quantum search algorithms beyond Grover's algorithm\indent.log:
       d:\QuantumSearchAlgorithm\BooksForNotes\Depth optimization of quantum search algorithms beyond Grover's algorithm\
INFO:  YAML settings read: defaultSettings.yaml
       Reading defaultSettings.yaml from C:/Program Files/texlive/2024/bin/windows/defaultSettings.yaml
       Reading defaultSettings.yaml (2nd attempt) from C:/Program Files/texlive/2024/bin/windows/../../texmf-dist/scripts/latexindent/defaultSettings.yaml
       and then, if necessary, C:/Program Files/texlive/2024/bin/windows/LatexIndent/defaultSettings.yaml
INFO:  YAML reading settings
       Home directory is C:\Users\15703
       latexindent.pl didn't find indentconfig.yaml or .indentconfig.yaml
       see all possible locations: https://latexindentpl.readthedocs.io/en/latest/sec-appendices.html#indentconfig-options)
INFO:  YAML settings read: -y switch
       YAML setting: defaultIndent:'  '
       single-quoted string found in -y switch: '  ', substitute to   
       Updating mainSettings with defaultIndent:   
INFO:  Phase 1: searching for objects
INFO:  Phase 2: finding surrounding indentation
INFO:  Phase 3: indenting objects
INFO:  Phase 4: final indentation check
INFO:  Output routine:
       Not outputting to file; see -w and -o switches for more options.
       --------------
INFO:  Please direct all communication/issues to:
        https://github.com/cmhughes/latexindent.pl
